Thu May 28 06:50:50 UTC 2020
1262
Thu May 28 06:51:00 UTC 2020
1262
Thu May 28 06:51:10 UTC 2020
1266
Thu May 28 06:51:20 UTC 2020
1014
Thu May 28 06:51:30 UTC 2020
1223
Thu May 28 06:51:40 UTC 2020
1224
Thu May 28 06:51:50 UTC 2020
1224
Thu May 28 06:52:00 UTC 2020
1196
Thu May 28 06:52:10 UTC 2020
1274
Thu May 28 06:52:20 UTC 2020
1274
Thu May 28 06:52:30 UTC 2020
1232
Thu May 28 06:52:40 UTC 2020
1243
Thu May 28 06:52:50 UTC 2020
1243
Thu May 28 06:53:00 UTC 2020
944
Thu May 28 06:53:10 UTC 2020
1238
Thu May 28 06:53:20 UTC 2020
1244
Thu May 28 06:53:30 UTC 2020
1244
Thu May 28 06:53:40 UTC 2020
1140
Thu May 28 06:53:50 UTC 2020
1178
Thu May 28 06:54:00 UTC 2020
1152
Thu May 28 06:54:10 UTC 2020
1212
Thu May 28 06:54:20 UTC 2020
1043
Thu May 28 06:54:30 UTC 2020
658
Thu May 28 06:54:40 UTC 2020
1148
Thu May 28 06:54:50 UTC 2020
1151
Thu May 28 06:55:00 UTC 2020
1151
Thu May 28 06:55:10 UTC 2020
1103
Thu May 28 06:55:20 UTC 2020
1131
Thu May 28 06:55:30 UTC 2020
1132
Thu May 28 06:55:40 UTC 2020
1137
Thu May 28 06:55:50 UTC 2020
1186
Thu May 28 06:56:00 UTC 2020
1194
Thu May 28 06:56:57 UTC 2020
1154


Thu May 28 06:57:07 UTC 2020
1167


Thu May 28 06:57:17 UTC 2020
1182


Thu May 28 06:57:27 UTC 2020
1288


Thu May 28 06:57:37 UTC 2020
1288


Thu May 28 06:57:47 UTC 2020
1185


Thu May 28 06:57:57 UTC 2020
1185


Thu May 28 06:58:07 UTC 2020
650


Thu May 28 06:58:17 UTC 2020
1289


Thu May 28 06:58:27 UTC 2020
1222


Thu May 28 06:58:37 UTC 2020
1278


Thu May 28 06:58:47 UTC 2020
1288


Thu May 28 06:58:57 UTC 2020
1288


Thu May 28 06:59:07 UTC 2020
1288


Thu May 28 06:59:17 UTC 2020
1352


Thu May 28 06:59:27 UTC 2020
1369


Thu May 28 06:59:37 UTC 2020
1369


Thu May 28 06:59:47 UTC 2020
1241


Thu May 28 06:59:57 UTC 2020
1422


Thu May 28 07:00:07 UTC 2020
1442


Thu May 28 07:00:17 UTC 2020
1442


Thu May 28 07:00:27 UTC 2020
1187


Thu May 28 07:00:37 UTC 2020
1369


Thu May 28 07:00:47 UTC 2020
1473


Thu May 28 07:00:57 UTC 2020
1481


Thu May 28 07:01:07 UTC 2020
1323


Thu May 28 07:01:17 UTC 2020
1499


Thu May 28 07:01:27 UTC 2020
1548


Thu May 28 07:01:37 UTC 2020
1558


Thu May 28 07:01:47 UTC 2020
1198


Thu May 28 07:01:57 UTC 2020
1390


Thu May 28 07:02:07 UTC 2020
1471


Thu May 28 07:02:17 UTC 2020
1473


Thu May 28 07:02:27 UTC 2020
1101


Thu May 28 07:02:37 UTC 2020
1333


Thu May 28 07:02:47 UTC 2020
1612


Thu May 28 07:02:57 UTC 2020
1497


Thu May 28 07:03:07 UTC 2020
852


Thu May 28 07:03:17 UTC 2020
1291


Thu May 28 07:03:27 UTC 2020
1473


Thu May 28 07:03:37 UTC 2020
1499


Thu May 28 07:03:47 UTC 2020
523


Thu May 28 07:03:57 UTC 2020
1304


Thu May 28 07:04:07 UTC 2020
1493


Thu May 28 07:04:18 UTC 2020
1516


Thu May 28 07:04:28 UTC 2020
1516


Thu May 28 07:04:38 UTC 2020
1129


Thu May 28 07:04:48 UTC 2020
1408


Thu May 28 07:04:58 UTC 2020
1537


Thu May 28 07:05:08 UTC 2020
1241


Thu May 28 07:05:18 UTC 2020
1423


Thu May 28 07:05:28 UTC 2020
1451


Thu May 28 07:05:38 UTC 2020
1162


Thu May 28 07:05:48 UTC 2020
1384


Thu May 28 07:05:58 UTC 2020
1501


Thu May 28 07:06:08 UTC 2020
1532


Thu May 28 07:06:18 UTC 2020
1536


Thu May 28 07:06:28 UTC 2020
1238


Thu May 28 07:06:38 UTC 2020
1485


Thu May 28 07:06:48 UTC 2020
1592


Thu May 28 07:06:58 UTC 2020
1594


Thu May 28 07:07:08 UTC 2020
1594


Thu May 28 07:07:18 UTC 2020
1301


Thu May 28 07:07:28 UTC 2020
1498


Thu May 28 07:07:38 UTC 2020
1536


Thu May 28 07:07:48 UTC 2020
1058


Thu May 28 07:07:58 UTC 2020
1399


Thu May 28 07:08:08 UTC 2020
1633


Thu May 28 07:08:18 UTC 2020
838


Thu May 28 07:08:28 UTC 2020
1408


Thu May 28 07:08:38 UTC 2020
1594


Thu May 28 07:08:48 UTC 2020
1616


Thu May 28 07:08:58 UTC 2020
1616


Thu May 28 07:09:08 UTC 2020
1201


Thu May 28 07:09:18 UTC 2020
1471


Thu May 28 07:09:28 UTC 2020
1583


Thu May 28 07:09:38 UTC 2020
1599


Thu May 28 07:09:48 UTC 2020
1308


Thu May 28 07:09:58 UTC 2020
1659


Thu May 28 07:10:08 UTC 2020
1711


Thu May 28 07:10:18 UTC 2020
1136


Thu May 28 07:10:28 UTC 2020
1423


Thu May 28 07:10:38 UTC 2020
1626


Thu May 28 07:10:48 UTC 2020
542


Thu May 28 07:10:58 UTC 2020
1361


Thu May 28 07:11:08 UTC 2020
1559


Thu May 28 07:11:18 UTC 2020
1634


Thu May 28 07:11:28 UTC 2020
1634


Thu May 28 07:11:38 UTC 2020
1316


Thu May 28 07:11:48 UTC 2020
1603


Thu May 28 07:11:58 UTC 2020
1644


Thu May 28 07:12:08 UTC 2020
1213


Thu May 28 07:12:18 UTC 2020
1498


Thu May 28 07:12:28 UTC 2020
1638


Thu May 28 07:12:38 UTC 2020
1087


Thu May 28 07:12:48 UTC 2020
1409


Thu May 28 07:12:58 UTC 2020
1551


Thu May 28 07:13:08 UTC 2020
1553


Thu May 28 07:13:18 UTC 2020
1293


Thu May 28 07:13:28 UTC 2020
1553


Thu May 28 07:13:38 UTC 2020
1587


Thu May 28 07:13:48 UTC 2020
1587


Thu May 28 07:13:58 UTC 2020
1587


Thu May 28 07:14:08 UTC 2020
1267


Thu May 28 07:14:18 UTC 2020
1496


Thu May 28 07:14:28 UTC 2020
1641


Thu May 28 07:14:38 UTC 2020
1650


Thu May 28 07:14:48 UTC 2020
1189


Thu May 28 07:14:58 UTC 2020
1511


Thu May 28 07:15:09 UTC 2020
1609


Thu May 28 07:15:19 UTC 2020
1150


Thu May 28 07:15:29 UTC 2020
1529


Thu May 28 07:15:39 UTC 2020
1677


Thu May 28 07:15:49 UTC 2020
1734


Thu May 28 07:15:59 UTC 2020
1252


Thu May 28 07:16:09 UTC 2020
1509


Thu May 28 07:16:19 UTC 2020
1673


Thu May 28 07:16:29 UTC 2020
1069


Thu May 28 07:16:39 UTC 2020
1422


Thu May 28 07:16:49 UTC 2020
1655


Thu May 28 07:16:59 UTC 2020
1671


Thu May 28 07:17:09 UTC 2020
987


Thu May 28 07:17:19 UTC 2020
1390


Thu May 28 07:17:29 UTC 2020
1597


Thu May 28 07:17:39 UTC 2020
1607


Thu May 28 07:17:49 UTC 2020
1607


Thu May 28 07:17:59 UTC 2020
1296


Thu May 28 07:18:09 UTC 2020
1562


Thu May 28 07:18:19 UTC 2020
1700


Thu May 28 07:18:29 UTC 2020
1066


Thu May 28 07:18:39 UTC 2020
1491


Thu May 28 07:18:49 UTC 2020
1707


Thu May 28 07:18:59 UTC 2020
1753


Thu May 28 07:19:09 UTC 2020
1102


Thu May 28 07:19:19 UTC 2020
1410


Thu May 28 07:19:29 UTC 2020
1601


Thu May 28 07:19:39 UTC 2020
1617


Thu May 28 07:19:49 UTC 2020
1190


Thu May 28 07:19:59 UTC 2020
1561


Thu May 28 07:20:09 UTC 2020
1720


Thu May 28 07:20:19 UTC 2020
1746


Thu May 28 07:20:29 UTC 2020
1310


Thu May 28 07:20:39 UTC 2020
1643


Thu May 28 07:20:49 UTC 2020
1821


Thu May 28 07:20:59 UTC 2020
1772


Thu May 28 07:21:09 UTC 2020
1080


Thu May 28 07:21:19 UTC 2020
1429


Thu May 28 07:21:29 UTC 2020
1620


Thu May 28 07:21:39 UTC 2020
1645


Thu May 28 07:21:49 UTC 2020
1647


Thu May 28 07:21:59 UTC 2020
1328


Thu May 28 07:22:09 UTC 2020
1615


Thu May 28 07:22:19 UTC 2020
1761


Thu May 28 07:22:29 UTC 2020
1761


Thu May 28 07:22:39 UTC 2020
1303


Thu May 28 07:22:49 UTC 2020
1580


Thu May 28 07:22:59 UTC 2020
1655


Thu May 28 07:23:09 UTC 2020
1655


Thu May 28 07:23:19 UTC 2020
1169


Thu May 28 07:23:29 UTC 2020
1510


Thu May 28 07:23:39 UTC 2020
1650


Thu May 28 07:23:49 UTC 2020
1663


Thu May 28 07:23:59 UTC 2020
1110


Thu May 28 07:24:09 UTC 2020
1481


Thu May 28 07:24:19 UTC 2020
1637


Thu May 28 07:24:29 UTC 2020
1661


Thu May 28 07:24:39 UTC 2020
1661


Thu May 28 07:24:49 UTC 2020
1291


Thu May 28 07:24:59 UTC 2020
1591


Thu May 28 07:25:09 UTC 2020
1690


Thu May 28 07:25:19 UTC 2020
476


Thu May 28 07:25:30 UTC 2020
1425


Thu May 28 07:25:40 UTC 2020
1709


Thu May 28 07:25:50 UTC 2020
1760


Thu May 28 07:26:00 UTC 2020
1762


Thu May 28 07:26:10 UTC 2020
1394


Thu May 28 07:26:20 UTC 2020
1703


Thu May 28 07:26:30 UTC 2020
1858


Thu May 28 07:26:40 UTC 2020
1859


Thu May 28 07:26:50 UTC 2020
1221


Thu May 28 07:27:00 UTC 2020
1600


Thu May 28 07:27:10 UTC 2020
1725


Thu May 28 07:27:20 UTC 2020
957


Thu May 28 07:27:30 UTC 2020
1383


Thu May 28 07:27:40 UTC 2020
1666


Thu May 28 07:27:50 UTC 2020
1762


Thu May 28 07:28:00 UTC 2020
1808


Thu May 28 07:28:10 UTC 2020
1219


Thu May 28 07:28:20 UTC 2020
1632


Thu May 28 07:28:30 UTC 2020
1750


Thu May 28 07:28:40 UTC 2020
1755


Thu May 28 07:28:50 UTC 2020
1251


Thu May 28 07:29:00 UTC 2020
1593


Thu May 28 07:29:10 UTC 2020
1699


Thu May 28 07:29:20 UTC 2020
1702


Thu May 28 07:29:30 UTC 2020
1089


Thu May 28 07:29:40 UTC 2020
1458


Thu May 28 07:29:50 UTC 2020
1616


Thu May 28 07:30:00 UTC 2020
1672


Thu May 28 07:30:10 UTC 2020
1673


Thu May 28 07:30:20 UTC 2020
1227


Thu May 28 07:30:30 UTC 2020
1431


Thu May 28 07:30:40 UTC 2020
1537


Thu May 28 07:30:50 UTC 2020
1311


Thu May 28 07:31:00 UTC 2020
1636


Thu May 28 07:31:10 UTC 2020
1779


Thu May 28 07:31:20 UTC 2020
990


Thu May 28 07:31:30 UTC 2020
1440


Thu May 28 07:31:40 UTC 2020
1649


Thu May 28 07:31:50 UTC 2020
1713


Thu May 28 07:32:00 UTC 2020
1713


Thu May 28 07:32:10 UTC 2020
1223


Thu May 28 07:32:20 UTC 2020
1514


Thu May 28 07:32:30 UTC 2020
1672


Thu May 28 07:32:40 UTC 2020
1696


Thu May 28 07:32:50 UTC 2020
1283


Thu May 28 07:33:00 UTC 2020
1633


Thu May 28 07:33:10 UTC 2020
1698


Thu May 28 07:33:20 UTC 2020
1717


Thu May 28 07:33:30 UTC 2020
1047


Thu May 28 07:33:40 UTC 2020
1420


Thu May 28 07:33:50 UTC 2020
1665


Thu May 28 07:34:00 UTC 2020
1702


Thu May 28 07:34:10 UTC 2020
1702


Thu May 28 07:34:20 UTC 2020
1338


Thu May 28 07:34:30 UTC 2020
1639


Thu May 28 07:34:40 UTC 2020
1731


Thu May 28 07:34:50 UTC 2020
1118


Thu May 28 07:35:00 UTC 2020
1453


Thu May 28 07:35:10 UTC 2020
1628


Thu May 28 07:35:20 UTC 2020
1332


Thu May 28 07:35:30 UTC 2020
1609


Thu May 28 07:35:41 UTC 2020
1747


Thu May 28 07:35:51 UTC 2020
943


Thu May 28 07:36:01 UTC 2020
1456


Thu May 28 07:36:11 UTC 2020
1645


Thu May 28 07:36:21 UTC 2020
1733


Thu May 28 07:36:31 UTC 2020
1733


Thu May 28 07:36:41 UTC 2020
1239


Thu May 28 07:36:51 UTC 2020
1543


Thu May 28 07:37:01 UTC 2020
1687


Thu May 28 07:37:11 UTC 2020
1703


Thu May 28 07:37:21 UTC 2020
1377


Thu May 28 07:37:31 UTC 2020
1710


Thu May 28 07:37:41 UTC 2020
1826


Thu May 28 07:37:51 UTC 2020
1828


Thu May 28 07:38:01 UTC 2020
1300


Thu May 28 07:38:11 UTC 2020
1644


Thu May 28 07:38:21 UTC 2020
1790


Thu May 28 07:38:31 UTC 2020
1798


Thu May 28 07:38:41 UTC 2020
1106


Thu May 28 07:38:51 UTC 2020
1453


Thu May 28 07:39:01 UTC 2020
1654


Thu May 28 07:39:11 UTC 2020
1677


Thu May 28 07:39:21 UTC 2020
1678


Thu May 28 07:39:31 UTC 2020
1303


Thu May 28 07:39:41 UTC 2020
1605


Thu May 28 07:39:51 UTC 2020
1690


Thu May 28 07:40:01 UTC 2020
1175


Thu May 28 07:40:11 UTC 2020
1509


Thu May 28 07:40:21 UTC 2020
1683


Thu May 28 07:40:31 UTC 2020
1684


Thu May 28 07:40:41 UTC 2020
1160


Thu May 28 07:40:51 UTC 2020
1598


Thu May 28 07:41:01 UTC 2020
1812


Thu May 28 07:41:11 UTC 2020
1859


Thu May 28 07:41:21 UTC 2020
997


Thu May 28 07:41:31 UTC 2020
1452


Thu May 28 07:41:41 UTC 2020
1677


Thu May 28 07:41:51 UTC 2020
1756


Thu May 28 07:42:01 UTC 2020
1758


Thu May 28 07:42:11 UTC 2020
1759


Thu May 28 07:42:21 UTC 2020
1372


Thu May 28 07:42:31 UTC 2020
1691


Thu May 28 07:42:41 UTC 2020
1773


Thu May 28 07:42:51 UTC 2020
1774


Thu May 28 07:43:01 UTC 2020
1127


Thu May 28 07:43:11 UTC 2020
1444


Thu May 28 07:43:21 UTC 2020
1639


Thu May 28 07:43:32 UTC 2020
1179


Thu May 28 07:43:42 UTC 2020
1574


Thu May 28 07:43:52 UTC 2020
1758


Thu May 28 07:44:02 UTC 2020
1760


Thu May 28 07:44:12 UTC 2020
1236


Thu May 28 07:44:22 UTC 2020
1658


Thu May 28 07:44:32 UTC 2020
1877


Thu May 28 07:44:42 UTC 2020
1879


Thu May 28 07:44:52 UTC 2020
1263


Thu May 28 07:45:02 UTC 2020
1625


Thu May 28 07:45:12 UTC 2020
1720


Thu May 28 07:45:22 UTC 2020
1725


Thu May 28 07:45:32 UTC 2020
1158


Thu May 28 07:45:42 UTC 2020
1531


Thu May 28 07:45:52 UTC 2020
1747


Thu May 28 07:46:02 UTC 2020
1776


Thu May 28 07:46:12 UTC 2020
1776


Thu May 28 07:46:22 UTC 2020
1387


Thu May 28 07:46:32 UTC 2020
1623


Thu May 28 07:46:42 UTC 2020
1680


Thu May 28 07:46:52 UTC 2020
478


Thu May 28 07:47:02 UTC 2020
1405


Thu May 28 07:47:12 UTC 2020
1665


Thu May 28 07:47:22 UTC 2020
1708


Thu May 28 07:47:32 UTC 2020
1885


Thu May 28 07:47:42 UTC 2020
1026


Thu May 28 07:47:52 UTC 2020
1412


Thu May 28 07:48:02 UTC 2020
1741


Thu May 28 07:48:12 UTC 2020
1784


Thu May 28 07:48:22 UTC 2020
1111


Thu May 28 07:48:32 UTC 2020
1560


Thu May 28 07:48:42 UTC 2020
1734


Thu May 28 07:48:52 UTC 2020
832


Thu May 28 07:49:02 UTC 2020
1437


Thu May 28 07:49:12 UTC 2020
1679


Thu May 28 07:49:22 UTC 2020
1699


Thu May 28 07:49:32 UTC 2020
1699


Thu May 28 07:49:42 UTC 2020
1308


Thu May 28 07:49:52 UTC 2020
1638


Thu May 28 07:50:02 UTC 2020
1728


Thu May 28 07:50:12 UTC 2020
1290


Thu May 28 07:50:22 UTC 2020
1615


Thu May 28 07:50:32 UTC 2020
1783


Thu May 28 07:50:42 UTC 2020
1295


Thu May 28 07:50:52 UTC 2020
1604


Thu May 28 07:51:02 UTC 2020
1698


Thu May 28 07:51:12 UTC 2020
1698


Thu May 28 07:51:22 UTC 2020
1181


Thu May 28 07:51:32 UTC 2020
1540


Thu May 28 07:51:43 UTC 2020
1751


Thu May 28 07:51:53 UTC 2020
1772


Thu May 28 07:52:03 UTC 2020
1107


Thu May 28 07:52:13 UTC 2020
1514


Thu May 28 07:52:23 UTC 2020
1814


Thu May 28 07:52:33 UTC 2020
1871


Thu May 28 07:52:43 UTC 2020
1400


Thu May 28 07:52:53 UTC 2020
1645


Thu May 28 07:53:03 UTC 2020
1680


Thu May 28 07:53:13 UTC 2020
1688


Thu May 28 07:53:23 UTC 2020
1418


Thu May 28 07:53:33 UTC 2020
1637


Thu May 28 07:53:43 UTC 2020
1783


Thu May 28 07:53:53 UTC 2020
1784


Thu May 28 07:54:03 UTC 2020
1230


Thu May 28 07:54:13 UTC 2020
1489


Thu May 28 07:54:23 UTC 2020
1599


Thu May 28 07:54:33 UTC 2020
1599


Thu May 28 07:54:43 UTC 2020
824


Thu May 28 07:54:53 UTC 2020
1431


Thu May 28 07:55:03 UTC 2020
1679


Thu May 28 07:55:13 UTC 2020
1716


Thu May 28 07:55:23 UTC 2020
1718


Thu May 28 07:55:33 UTC 2020
1317


Thu May 28 07:55:43 UTC 2020
1579


Thu May 28 07:55:53 UTC 2020
1656


Thu May 28 07:56:03 UTC 2020
1147


Thu May 28 07:56:13 UTC 2020
1538


Thu May 28 07:56:23 UTC 2020
1808


Thu May 28 07:56:33 UTC 2020
1898


Thu May 28 07:56:43 UTC 2020
1298


Thu May 28 07:56:53 UTC 2020
1622


Thu May 28 07:57:03 UTC 2020
1740


Thu May 28 07:57:13 UTC 2020
1372


Thu May 28 07:57:23 UTC 2020
1608


Thu May 28 07:57:33 UTC 2020
1696


Thu May 28 07:57:43 UTC 2020
1134


Thu May 28 07:57:53 UTC 2020
1523


Thu May 28 07:58:03 UTC 2020
1677


Thu May 28 07:58:13 UTC 2020
1687


Thu May 28 07:58:23 UTC 2020
1059


Thu May 28 07:58:33 UTC 2020
1449


Thu May 28 07:58:43 UTC 2020
1736


Thu May 28 07:58:53 UTC 2020
1757


Thu May 28 07:59:03 UTC 2020
1758


Thu May 28 07:59:13 UTC 2020
1044


Thu May 28 07:59:23 UTC 2020
1412


Thu May 28 07:59:33 UTC 2020
1618


Thu May 28 07:59:43 UTC 2020
1633


Thu May 28 07:59:53 UTC 2020
1285


Thu May 28 08:00:03 UTC 2020
1655


Thu May 28 08:00:14 UTC 2020
1861


Thu May 28 08:00:24 UTC 2020
1879


Thu May 28 08:00:34 UTC 2020
1879


Thu May 28 08:00:44 UTC 2020
1273


Thu May 28 08:00:54 UTC 2020
1510


Thu May 28 08:01:04 UTC 2020
1609


Thu May 28 08:01:14 UTC 2020
836


Thu May 28 08:01:24 UTC 2020
1415


Thu May 28 08:01:34 UTC 2020
1620


Thu May 28 08:01:44 UTC 2020
848


Thu May 28 08:01:54 UTC 2020
1412


Thu May 28 08:02:04 UTC 2020
1656


Thu May 28 08:02:14 UTC 2020
1180


Thu May 28 08:02:24 UTC 2020
1499


Thu May 28 08:02:34 UTC 2020
1699


Thu May 28 08:02:44 UTC 2020
1714


Thu May 28 08:02:54 UTC 2020
1135


Thu May 28 08:03:04 UTC 2020
1547


Thu May 28 08:03:14 UTC 2020
1685


Thu May 28 08:03:24 UTC 2020
1699


Thu May 28 08:03:34 UTC 2020
1699


Thu May 28 08:03:44 UTC 2020
1182


Thu May 28 08:03:54 UTC 2020
1552


Thu May 28 08:04:04 UTC 2020
1636


Thu May 28 08:04:14 UTC 2020
819


Thu May 28 08:04:24 UTC 2020
1385


Thu May 28 08:04:34 UTC 2020
1680


Thu May 28 08:04:44 UTC 2020
1709


Thu May 28 08:04:54 UTC 2020
1264


Thu May 28 08:05:04 UTC 2020
1562


Thu May 28 08:05:14 UTC 2020
1746


Thu May 28 08:05:24 UTC 2020
1345


Thu May 28 08:05:34 UTC 2020
1631


Thu May 28 08:05:44 UTC 2020
1760


Thu May 28 08:05:54 UTC 2020
1133


Thu May 28 08:06:04 UTC 2020
1499


Thu May 28 08:06:14 UTC 2020
1660


Thu May 28 08:06:24 UTC 2020
1714


Thu May 28 08:06:34 UTC 2020
1184


Thu May 28 08:06:44 UTC 2020
1551


Thu May 28 08:06:54 UTC 2020
1792


Thu May 28 08:07:04 UTC 2020
1290


Thu May 28 08:07:14 UTC 2020
1664


Thu May 28 08:07:24 UTC 2020
1851


Thu May 28 08:07:34 UTC 2020
1857


Thu May 28 08:07:44 UTC 2020
880


Thu May 28 08:07:54 UTC 2020
1407


Thu May 28 08:08:04 UTC 2020
1588


Thu May 28 08:08:14 UTC 2020
1618


Thu May 28 08:08:24 UTC 2020
1392


Thu May 28 08:08:34 UTC 2020
1659


Thu May 28 08:08:44 UTC 2020
1675


Thu May 28 08:08:54 UTC 2020
1067


Thu May 28 08:09:04 UTC 2020
1466


Thu May 28 08:09:14 UTC 2020
1768


Thu May 28 08:09:24 UTC 2020
1811


Thu May 28 08:09:34 UTC 2020
1257


Thu May 28 08:09:44 UTC 2020
1592


Thu May 28 08:09:54 UTC 2020
1740


Thu May 28 08:10:04 UTC 2020
847


Thu May 28 08:10:14 UTC 2020
1482


Thu May 28 08:10:24 UTC 2020
1734


Thu May 28 08:10:35 UTC 2020
1765


Thu May 28 08:10:45 UTC 2020
1246


Thu May 28 08:10:55 UTC 2020
1560


Thu May 28 08:11:05 UTC 2020
1674


Thu May 28 08:11:15 UTC 2020
1199


Thu May 28 08:11:25 UTC 2020
1569


Thu May 28 08:11:35 UTC 2020
1716


Thu May 28 08:11:45 UTC 2020
1723


Thu May 28 08:11:55 UTC 2020
1177


Thu May 28 08:12:05 UTC 2020
1527


Thu May 28 08:12:15 UTC 2020
1793


Thu May 28 08:12:25 UTC 2020
1807


Thu May 28 08:12:35 UTC 2020
1097


Thu May 28 08:12:45 UTC 2020
1526


Thu May 28 08:12:55 UTC 2020
1733


Thu May 28 08:13:05 UTC 2020
1765


Thu May 28 08:13:15 UTC 2020
832


Thu May 28 08:13:25 UTC 2020
1433


Thu May 28 08:13:35 UTC 2020
1659


Thu May 28 08:13:45 UTC 2020
1722


Thu May 28 08:13:55 UTC 2020
1235


Thu May 28 08:14:05 UTC 2020
1576


Thu May 28 08:14:15 UTC 2020
1695


Thu May 28 08:14:25 UTC 2020
1211


Thu May 28 08:14:35 UTC 2020
1612


Thu May 28 08:14:45 UTC 2020
1766


Thu May 28 08:14:55 UTC 2020
1166


Thu May 28 08:15:05 UTC 2020
1529


Thu May 28 08:15:15 UTC 2020
1669


Thu May 28 08:15:25 UTC 2020
1670


Thu May 28 08:15:35 UTC 2020
1300


Thu May 28 08:15:45 UTC 2020
1559


Thu May 28 08:15:55 UTC 2020
1641


Thu May 28 08:16:05 UTC 2020
1304


Thu May 28 08:16:15 UTC 2020
1695


Thu May 28 08:16:25 UTC 2020
1886


Thu May 28 08:16:35 UTC 2020
854


Thu May 28 08:16:45 UTC 2020
1432


Thu May 28 08:16:55 UTC 2020
1655


Thu May 28 08:17:05 UTC 2020
1746


Thu May 28 08:17:15 UTC 2020
1228


Thu May 28 08:17:25 UTC 2020
1574


Thu May 28 08:17:35 UTC 2020
1720


Thu May 28 08:17:45 UTC 2020
1730


Thu May 28 08:17:55 UTC 2020
496


Thu May 28 08:18:05 UTC 2020
1361


Thu May 28 08:18:15 UTC 2020
1661


Thu May 28 08:18:26 UTC 2020
1774


Thu May 28 08:18:36 UTC 2020
1791


Thu May 28 08:18:46 UTC 2020
1082


Thu May 28 08:18:56 UTC 2020
1525


Thu May 28 08:19:06 UTC 2020
1689


Thu May 28 08:19:16 UTC 2020
1720


Thu May 28 08:19:26 UTC 2020
1242


Thu May 28 08:19:36 UTC 2020
1520


Thu May 28 08:19:46 UTC 2020
1770


Thu May 28 08:19:56 UTC 2020
1190


Thu May 28 08:20:06 UTC 2020
1534


Thu May 28 08:20:16 UTC 2020
1751


Thu May 28 08:20:26 UTC 2020
1798


Thu May 28 08:20:36 UTC 2020
1798


Thu May 28 08:20:46 UTC 2020
1186


Thu May 28 08:20:56 UTC 2020
1524


Thu May 28 08:21:06 UTC 2020
1767


Thu May 28 08:21:16 UTC 2020
1802


Thu May 28 08:21:26 UTC 2020
1245


Thu May 28 08:21:36 UTC 2020
1612


Thu May 28 08:21:46 UTC 2020
1693


Thu May 28 08:21:56 UTC 2020
818


Thu May 28 08:22:06 UTC 2020
1442


Thu May 28 08:22:16 UTC 2020
1704


Thu May 28 08:22:26 UTC 2020
1745


Thu May 28 08:22:36 UTC 2020
1096


Thu May 28 08:22:46 UTC 2020
1497


Thu May 28 08:22:56 UTC 2020
1728


Thu May 28 08:23:06 UTC 2020
1242


Thu May 28 08:23:16 UTC 2020
1650


Thu May 28 08:23:26 UTC 2020
1810


Thu May 28 08:23:36 UTC 2020
1190


Thu May 28 08:23:46 UTC 2020
1579


Thu May 28 08:23:56 UTC 2020
1687


Thu May 28 08:24:06 UTC 2020
1175


Thu May 28 08:24:16 UTC 2020
1605


Thu May 28 08:24:26 UTC 2020
1774


Thu May 28 08:24:36 UTC 2020
1115


Thu May 28 08:24:46 UTC 2020
1491


Thu May 28 08:24:56 UTC 2020
1692


Thu May 28 08:25:06 UTC 2020
1694


Thu May 28 08:25:16 UTC 2020
1697


Thu May 28 08:25:26 UTC 2020
1128


Thu May 28 08:25:36 UTC 2020
1545


Thu May 28 08:25:46 UTC 2020
1771


Thu May 28 08:25:56 UTC 2020
1795


Thu May 28 08:26:06 UTC 2020
1178


Thu May 28 08:26:16 UTC 2020
1507


Thu May 28 08:26:26 UTC 2020
1729


Thu May 28 08:26:36 UTC 2020
1275


Thu May 28 08:26:46 UTC 2020
1658


Thu May 28 08:26:56 UTC 2020
1782


Thu May 28 08:27:06 UTC 2020
1400


Thu May 28 08:27:16 UTC 2020
1741


Thu May 28 08:27:26 UTC 2020
1890


Thu May 28 08:27:37 UTC 2020
1083


Thu May 28 08:27:47 UTC 2020
1534


Thu May 28 08:27:57 UTC 2020
1761


Thu May 28 08:28:07 UTC 2020
1771


Thu May 28 08:28:17 UTC 2020
1122


Thu May 28 08:28:27 UTC 2020
1452


Thu May 28 08:28:37 UTC 2020
1661


Thu May 28 08:28:47 UTC 2020
1295


Thu May 28 08:28:57 UTC 2020
1601


Thu May 28 08:29:07 UTC 2020
1793


Thu May 28 08:29:17 UTC 2020
1077


Thu May 28 08:29:27 UTC 2020
1415


Thu May 28 08:29:37 UTC 2020
1613


Thu May 28 08:29:47 UTC 2020
1735


Thu May 28 08:29:57 UTC 2020
998


Thu May 28 08:30:07 UTC 2020
1396


Thu May 28 08:30:17 UTC 2020
1641


Thu May 28 08:30:27 UTC 2020
940


Thu May 28 08:30:37 UTC 2020
1446


Thu May 28 08:30:47 UTC 2020
1724


Thu May 28 08:30:57 UTC 2020
1801


Thu May 28 08:31:07 UTC 2020
1363


Thu May 28 08:31:17 UTC 2020
1637


Thu May 28 08:31:27 UTC 2020
1813


Thu May 28 08:31:37 UTC 2020
1293


Thu May 28 08:31:47 UTC 2020
1615


Thu May 28 08:31:57 UTC 2020
1794


Thu May 28 08:32:07 UTC 2020
1794


Thu May 28 08:32:17 UTC 2020
1318


Thu May 28 08:32:27 UTC 2020
1731


../moniter.sh: fork: Cannot allocate memory
Thu May 28 08:40:35 UTC 2020
1636


Thu May 28 08:40:43 UTC 2020
1852


Thu May 28 08:40:53 UTC 2020
1275


Thu May 28 08:41:03 UTC 2020
1601


Thu May 28 08:41:13 UTC 2020
1701


Thu May 28 08:41:23 UTC 2020
1384


Thu May 28 08:41:33 UTC 2020
1635


Thu May 28 08:41:44 UTC 2020
1008


Thu May 28 08:41:54 UTC 2020
1456


Thu May 28 08:42:04 UTC 2020
1672


Thu May 28 08:42:14 UTC 2020
1711


Thu May 28 08:42:24 UTC 2020
1072


Thu May 28 08:42:34 UTC 2020
1543


Thu May 28 08:42:44 UTC 2020
1773


Thu May 28 08:42:54 UTC 2020
1894


Thu May 28 08:43:04 UTC 2020
1417


Thu May 28 08:43:14 UTC 2020
1731


Thu May 28 08:43:24 UTC 2020
1097


Thu May 28 08:43:34 UTC 2020
1501


Thu May 28 08:43:44 UTC 2020
1703


Thu May 28 08:43:54 UTC 2020
1722


Thu May 28 08:44:04 UTC 2020
1124


Thu May 28 08:44:14 UTC 2020
1544


Thu May 28 08:44:24 UTC 2020
1883


Thu May 28 08:44:34 UTC 2020
1905


Thu May 28 08:44:44 UTC 2020
1232


Thu May 28 08:44:54 UTC 2020
1592


Thu May 28 08:45:04 UTC 2020
1726


Thu May 28 08:45:14 UTC 2020
1735


Thu May 28 08:45:24 UTC 2020
1189


Thu May 28 08:45:34 UTC 2020
1556


Thu May 28 08:45:44 UTC 2020
1648


Thu May 28 08:45:54 UTC 2020
1674


Thu May 28 08:46:04 UTC 2020
1350


Thu May 28 08:46:14 UTC 2020
1778


Thu May 28 08:46:24 UTC 2020
1910


Thu May 28 08:46:35 UTC 2020
842


Thu May 28 08:46:45 UTC 2020
1432


Thu May 28 08:49:46 UTC 2020
ram: 832
%Cpu(s):5.9



Thu May 28 08:49:56 UTC 2020
ram: 1425
%Cpu(s):94.4



Thu May 28 08:50:06 UTC 2020
ram: 1689
%Cpu(s):62.5



Thu May 28 08:50:17 UTC 2020
ram: 1746
%Cpu(s):0.0



Thu May 28 08:50:27 UTC 2020
ram: 1366
%Cpu(s):94.4



Thu May 28 08:50:37 UTC 2020
ram: 1686
%Cpu(s):81.2



Thu May 28 08:50:47 UTC 2020
ram: 1777
%Cpu(s):6.2



Thu May 28 08:50:57 UTC 2020
ram: 1777
%Cpu(s):0.0



Thu May 28 08:51:07 UTC 2020
ram: 1145
%Cpu(s):13.3



Thu May 28 08:51:18 UTC 2020
ram: 1538
%Cpu(s):94.1



Thu May 28 08:51:28 UTC 2020
ram: 1736
%Cpu(s):0.0



Thu May 28 08:51:38 UTC 2020
ram: 1317
%Cpu(s):93.8



Thu May 28 08:51:48 UTC 2020
ram: 1694
%Cpu(s):64.7



Thu May 28 08:51:59 UTC 2020
ram: 1064
%Cpu(s):26.7



Thu May 28 08:52:09 UTC 2020
ram: 1447
%Cpu(s):81.2



Thu May 28 08:52:19 UTC 2020
ram: 1622
%Cpu(s):6.7



Thu May 28 08:52:29 UTC 2020
ram: 1658
%Cpu(s):0.0



Thu May 28 08:52:39 UTC 2020
ram: 1658
%Cpu(s):0.0



Thu May 28 08:52:49 UTC 2020
ram: 1374
%Cpu(s):88.9



Thu May 28 08:53:00 UTC 2020
ram: 1676
%Cpu(s):93.8



Thu May 28 08:53:10 UTC 2020
ram: 1877
%Cpu(s):0.0



Thu May 28 08:53:20 UTC 2020
ram: 1878
%Cpu(s):6.2



Thu May 28 08:53:30 UTC 2020
ram: 1880
%Cpu(s):0.0



Thu May 28 08:53:41 UTC 2020
ram: 1327
%Cpu(s):88.2



Thu May 28 08:53:51 UTC 2020
ram: 1623
%Cpu(s):87.5



Thu May 28 08:54:01 UTC 2020
ram: 1736
%Cpu(s):0.0



Thu May 28 08:54:11 UTC 2020
ram: 1278
%Cpu(s):89.5



Thu May 28 08:54:21 UTC 2020
ram: 1656
%Cpu(s):94.4



Thu May 28 08:54:32 UTC 2020
ram: 1788
%Cpu(s):0.0



Thu May 28 08:54:42 UTC 2020
ram: 1456
%Cpu(s):100.0us,



