Sun May 17 20:02:19 UTC 2020
725
74.03%
***********

Sun May 17 20:02:24 UTC 2020
725
74.13%
***********

Sun May 17 20:02:29 UTC 2020
725
74.13%
***********

Sun May 17 20:02:34 UTC 2020
725
74.13%
***********

Sun May 17 20:02:39 UTC 2020
725
74.13%
***********

Sun May 17 20:02:44 UTC 2020
725
74.13%
***********

Sun May 17 20:02:49 UTC 2020
725
74.13%
***********

Sun May 17 20:02:54 UTC 2020
725
74.13%
***********

Sun May 17 20:02:59 UTC 2020
725
74.13%
***********

Sun May 17 20:03:04 UTC 2020
725
74.13%
***********

Sun May 17 20:03:09 UTC 2020
725
74.13%
***********

Sun May 17 20:03:14 UTC 2020
727
74.34%
***********

Sun May 17 20:03:19 UTC 2020
726
74.23%
***********

Sun May 17 20:03:24 UTC 2020
726
74.23%
***********

Sun May 17 20:03:29 UTC 2020
727
74.34%
***********

Sun May 17 20:03:34 UTC 2020
726
74.23%
***********

Sun May 17 20:03:39 UTC 2020
726
74.23%
***********

Sun May 17 20:03:44 UTC 2020
727
74.34%
***********

Sun May 17 20:03:49 UTC 2020
726
74.23%
***********

Sun May 17 20:03:54 UTC 2020
726
74.23%
***********

Sun May 17 20:03:59 UTC 2020
728
74.44%
***********

Sun May 17 20:04:04 UTC 2020
728
74.44%
***********

Sun May 17 20:04:09 UTC 2020
728
74.44%
***********

Sun May 17 20:04:14 UTC 2020
728
74.44%
***********

Sun May 17 20:04:19 UTC 2020
717
73.31%
***********

Sun May 17 20:04:25 UTC 2020
717
73.31%
***********

Sun May 17 20:04:30 UTC 2020
717
73.31%
***********

Sun May 17 20:04:35 UTC 2020
717
73.31%
***********

Sun May 17 20:04:40 UTC 2020
717
73.31%
***********

Sun May 17 20:04:45 UTC 2020
717
73.31%
***********

Sun May 17 20:04:50 UTC 2020
717
73.31%
***********

Sun May 17 20:04:55 UTC 2020
717
73.31%
***********

Sun May 17 20:05:00 UTC 2020
717
73.31%
***********

Sun May 17 20:05:05 UTC 2020
309
31.49%
***********

Sun May 17 20:05:10 UTC 2020
521
53.17%
***********

Sun May 17 20:05:15 UTC 2020
570
58.28%
***********

Sun May 17 20:05:20 UTC 2020
637
65.13%
***********

Sun May 17 20:05:25 UTC 2020
709
72.39%
***********

Sun May 17 20:05:30 UTC 2020
764
78.12%
***********

Sun May 17 20:05:35 UTC 2020
754
76.99%
***********

Sun May 17 20:05:40 UTC 2020
759
77.61%
***********

Sun May 17 20:05:45 UTC 2020
760
77.71%
***********

Sun May 17 20:05:50 UTC 2020
761
77.81%
***********

Sun May 17 20:05:55 UTC 2020
762
77.91%
***********

Sun May 17 20:06:00 UTC 2020
778
79.45%
***********

Sun May 17 20:06:05 UTC 2020
779
79.65%
***********

Sun May 17 20:06:10 UTC 2020
780
79.75%
***********

Sun May 17 20:06:15 UTC 2020
781
79.86%
***********

Sun May 17 20:06:20 UTC 2020
781
79.86%
***********

Sun May 17 20:06:25 UTC 2020
782
79.96%
***********

Sun May 17 20:06:30 UTC 2020
782
79.96%
***********

Sun May 17 20:06:35 UTC 2020
783
80.06%
***********

Sun May 17 20:06:40 UTC 2020
783
80.06%
***********

Sun May 17 20:06:45 UTC 2020
785
80.27%
***********

Sun May 17 20:06:50 UTC 2020
785
80.27%
***********

Sun May 17 20:07:34 UTC 2020
789
80.67%
***********

Sun May 17 20:08:34 UTC 2020
791
80.88%
***********

Sun May 17 20:09:34 UTC 2020
792
80.98%
***********

Sun May 17 20:10:34 UTC 2020
787
80.47%
***********

Sun May 17 20:11:34 UTC 2020
788
80.57%
***********

Sun May 17 20:12:34 UTC 2020
785
80.27%
***********

Sun May 17 20:13:34 UTC 2020
786
80.37%
***********

Sun May 17 20:14:34 UTC 2020
787
80.47%
***********

Sun May 17 20:15:34 UTC 2020
788
80.57%
***********

Sun May 17 20:16:34 UTC 2020
792
80.98%
***********

Sun May 17 20:17:34 UTC 2020
782
79.96%
***********

Sun May 17 20:18:34 UTC 2020
782
79.96%
***********

Sun May 17 20:19:34 UTC 2020
784
80.16%
***********

Sun May 17 20:20:34 UTC 2020
784
80.16%
***********

Sun May 17 20:21:34 UTC 2020
786
80.37%
***********

Sun May 17 20:22:34 UTC 2020
786
80.37%
***********

Sun May 17 20:23:34 UTC 2020
788
80.57%
***********

Sun May 17 20:24:34 UTC 2020
789
80.67%
***********

Sun May 17 20:25:34 UTC 2020
755
77.20%
***********

Sun May 17 20:26:34 UTC 2020
757
77.40%
***********

Sun May 17 20:27:34 UTC 2020
759
77.61%
***********

Sun May 17 20:28:34 UTC 2020
760
77.71%
***********

Sun May 17 20:29:34 UTC 2020
751
76.79%
***********

Sun May 17 20:30:34 UTC 2020
751
76.79%
***********

Sun May 17 20:31:34 UTC 2020
751
76.79%
***********

Sun May 17 20:32:34 UTC 2020
753
76.89%
***********

Sun May 17 20:33:34 UTC 2020
753
76.99%
***********

Sun May 17 20:34:34 UTC 2020
755
77.20%
***********

Sun May 17 20:35:34 UTC 2020
756
77.40%
***********

Sun May 17 20:36:34 UTC 2020
758
77.51%
***********

Sun May 17 20:37:34 UTC 2020
760
77.71%
***********

Sun May 17 20:38:34 UTC 2020
761
77.81%
***********

Sun May 17 20:39:34 UTC 2020
762
77.91%
***********

Sun May 17 20:40:34 UTC 2020
764
78.12%
***********

Sun May 17 20:41:34 UTC 2020
755
77.20%
***********

Sun May 17 20:42:34 UTC 2020
754
77.10%
***********

Sun May 17 20:43:34 UTC 2020
755
77.20%
***********

Sun May 17 20:44:34 UTC 2020
755
77.20%
***********

Sun May 17 20:45:34 UTC 2020
756
77.30%
***********

Sun May 17 20:46:34 UTC 2020
757
77.40%
***********

Sun May 17 20:47:34 UTC 2020
758
77.51%
***********

Sun May 17 20:48:34 UTC 2020
759
77.61%
***********

Sun May 17 20:49:34 UTC 2020
760
77.71%
***********

Sun May 17 20:50:34 UTC 2020
761
77.81%
***********

Sun May 17 20:51:34 UTC 2020
762
77.91%
***********

Sun May 17 20:52:34 UTC 2020
763
78.02%
***********

Sun May 17 20:53:35 UTC 2020
764
78.12%
***********

Sun May 17 20:54:35 UTC 2020
755
77.20%
***********

Sun May 17 20:55:35 UTC 2020
755
77.20%
***********

Sun May 17 20:56:35 UTC 2020
755
77.20%
***********

Sun May 17 20:57:35 UTC 2020
756
77.30%
***********

Sun May 17 20:58:35 UTC 2020
757
77.40%
***********

Sun May 17 20:59:35 UTC 2020
763
78.02%
***********

Sun May 17 21:00:35 UTC 2020
764
78.12%
***********

Sun May 17 21:01:35 UTC 2020
765
78.22%
***********

Sun May 17 21:02:35 UTC 2020
703
71.88%
***********

Sun May 17 21:03:35 UTC 2020
705
71.98%
***********

Sun May 17 21:04:35 UTC 2020
708
72.39%
***********

Sun May 17 21:05:35 UTC 2020
699
70.96%
***********

Sun May 17 21:06:35 UTC 2020
700
71.57%
***********

Sun May 17 21:07:35 UTC 2020
702
71.78%
***********

Sun May 17 21:08:35 UTC 2020
687
69.94%
***********

Sun May 17 21:09:35 UTC 2020
704
71.98%
***********

Sun May 17 21:10:35 UTC 2020
706
72.19%
***********

Sun May 17 21:11:35 UTC 2020
709
72.49%
***********

Sun May 17 21:12:35 UTC 2020
708
72.39%
***********

Sun May 17 21:13:35 UTC 2020
715
73.01%
***********

Sun May 17 21:14:35 UTC 2020
713
72.90%
***********

Sun May 17 21:15:35 UTC 2020
716
73.11%
***********

Sun May 17 21:16:35 UTC 2020
718
73.31%
***********

Sun May 17 21:17:35 UTC 2020
719
73.62%
***********

Sun May 17 21:18:35 UTC 2020
721
73.62%
***********

Sun May 17 21:19:35 UTC 2020
704
70.65%
***********

Sun May 17 21:20:35 UTC 2020
710
72.39%
***********

Sun May 17 21:21:35 UTC 2020
715
73.11%
***********

Sun May 17 21:22:36 UTC 2020
716
73.21%
***********

Sun May 17 21:23:36 UTC 2020
717
73.31%
***********

Sun May 17 21:24:36 UTC 2020
719
73.52%
***********

Sun May 17 21:25:36 UTC 2020
706
70.65%
***********

Sun May 17 21:26:36 UTC 2020
718
73.42%
***********

Sun May 17 21:27:36 UTC 2020
725
74.03%
***********

Sun May 17 21:28:36 UTC 2020
723
73.93%
***********

Sun May 17 21:29:36 UTC 2020
724
74.03%
***********

Sun May 17 21:30:36 UTC 2020
727
74.34%
***********

Sun May 17 21:31:36 UTC 2020
717
73.31%
***********

Sun May 17 21:32:36 UTC 2020
722
73.82%
***********

Sun May 17 21:33:36 UTC 2020
719
73.52%
***********

Sun May 17 21:34:36 UTC 2020
729
74.54%
***********

Sun May 17 21:35:36 UTC 2020
723
73.93%
***********

Sun May 17 21:36:36 UTC 2020
725
74.13%
***********

Sun May 17 21:37:36 UTC 2020
728
74.34%
***********

Sun May 17 21:38:36 UTC 2020
728
74.34%
***********

Sun May 17 21:39:36 UTC 2020
729
74.54%
***********

Sun May 17 21:40:36 UTC 2020
732
74.85%
***********

Sun May 17 21:41:36 UTC 2020
733
74.95%
***********

Sun May 17 21:42:36 UTC 2020
729
74.54%
***********

Sun May 17 21:43:36 UTC 2020
739
75.56%
***********

Sun May 17 21:44:36 UTC 2020
730
74.64%
***********

Sun May 17 21:45:36 UTC 2020
730
74.64%
***********

Sun May 17 21:46:36 UTC 2020
732
74.85%
***********

Sun May 17 21:47:36 UTC 2020
680
69.53%
***********

Sun May 17 21:48:36 UTC 2020
738
75.46%
***********

Sun May 17 21:49:36 UTC 2020
725
74.13%
***********

Sun May 17 21:50:36 UTC 2020
739
75.56%
***********

Sun May 17 21:51:36 UTC 2020
742
75.77%
***********

Sun May 17 21:52:36 UTC 2020
742
75.87%
***********

Sun May 17 21:53:36 UTC 2020
690
70.35%
***********

Sun May 17 21:54:36 UTC 2020
750
76.69%
***********

Sun May 17 21:55:36 UTC 2020
749
76.58%
***********

Sun May 17 21:56:36 UTC 2020
741
75.77%
***********

Sun May 17 21:57:36 UTC 2020
742
75.87%
***********

Sun May 17 21:58:36 UTC 2020
743
75.97%
***********

Sun May 17 21:59:36 UTC 2020
743
75.97%
***********

Sun May 17 22:00:36 UTC 2020
747
76.38%
***********

Sun May 17 22:01:36 UTC 2020
749
76.48%
***********

Sun May 17 22:02:36 UTC 2020
751
76.79%
***********

Sun May 17 22:03:36 UTC 2020
751
76.79%
***********

Sun May 17 22:04:36 UTC 2020
755
77.20%
***********

Sun May 17 22:05:36 UTC 2020
756
77.30%
***********

Sun May 17 22:06:36 UTC 2020
762
77.91%
***********

Sun May 17 22:07:36 UTC 2020
761
77.81%
***********

Sun May 17 22:08:36 UTC 2020
752
76.89%
***********

Sun May 17 22:09:36 UTC 2020
758
77.51%
***********

Sun May 17 22:10:36 UTC 2020
761
77.81%
***********

Sun May 17 22:11:36 UTC 2020
750
76.69%
***********

Sun May 17 22:12:36 UTC 2020
758
76.89%
***********

Sun May 17 22:13:36 UTC 2020
766
78.22%
***********

Sun May 17 22:14:37 UTC 2020
767
78.32%
***********

Sun May 17 22:15:37 UTC 2020
764
78.12%
***********

Sun May 17 22:16:37 UTC 2020
767
78.32%
***********

Sun May 17 22:17:37 UTC 2020
774
79.04%
***********

Sun May 17 22:18:37 UTC 2020
773
79.04%
***********

Sun May 17 22:19:37 UTC 2020
773
79.04%
***********

Sun May 17 22:20:37 UTC 2020
707
71.27%
***********

Sun May 17 22:21:37 UTC 2020
766
78.32%
***********

Sun May 17 22:22:37 UTC 2020
767
78.43%
***********

Sun May 17 22:23:37 UTC 2020
768
78.53%
***********

Sun May 17 22:24:37 UTC 2020
762
77.91%
***********

Sun May 17 22:25:37 UTC 2020
771
78.83%
***********

Sun May 17 22:26:37 UTC 2020
773
79.04%
***********

Sun May 17 22:27:37 UTC 2020
776
79.24%
***********

Sun May 17 22:28:37 UTC 2020
778
79.45%
***********

Sun May 17 22:29:37 UTC 2020
778
79.55%
***********

Sun May 17 22:30:37 UTC 2020
785
80.27%
***********

Sun May 17 22:31:37 UTC 2020
782
79.86%
***********

Sun May 17 22:32:37 UTC 2020
789
80.57%
***********

Sun May 17 22:33:38 UTC 2020
775
79.24%
***********

Sun May 17 22:34:38 UTC 2020
778
79.55%
***********

Sun May 17 22:35:38 UTC 2020
777
79.45%
***********

Sun May 17 22:36:38 UTC 2020
731
79.75%
***********

Sun May 17 22:37:38 UTC 2020
760
77.40%
***********

Sun May 17 22:38:38 UTC 2020
783
80.06%
***********

Sun May 17 22:39:38 UTC 2020
786
80.37%
***********

Sun May 17 22:40:38 UTC 2020
763
77.20%
***********

Sun May 17 22:41:38 UTC 2020
790
80.67%
***********

Sun May 17 22:42:39 UTC 2020
790
80.78%
***********

Sun May 17 22:43:39 UTC 2020
793
80.98%
***********

Sun May 17 22:44:39 UTC 2020
796
81.19%
***********

Sun May 17 22:45:39 UTC 2020
796
81.39%
***********

Sun May 17 22:46:39 UTC 2020
786
80.37%
***********

Sun May 17 22:47:39 UTC 2020
745
75.15%
***********

Sun May 17 22:48:39 UTC 2020
790
80.67%
***********

Sun May 17 22:49:39 UTC 2020
790
80.78%
***********

Sun May 17 22:50:39 UTC 2020
807
81.29%
***********

Sun May 17 22:51:40 UTC 2020
795
81.29%
***********

Sun May 17 22:52:40 UTC 2020
798
81.49%
***********

Sun May 17 22:53:40 UTC 2020
802
82.00%
***********

Sun May 17 22:54:40 UTC 2020
803
82.11%
***********

Sun May 17 22:55:40 UTC 2020
711
72.19%
***********

Sun May 17 22:56:40 UTC 2020
812
83.03%
***********

Sun May 17 22:57:40 UTC 2020
806
82.41%
***********

Sun May 17 22:58:40 UTC 2020
798
81.60%
***********

Sun May 17 22:59:40 UTC 2020
727
74.34%
***********

Sun May 17 23:00:40 UTC 2020
727
74.34%
***********

Sun May 17 23:01:40 UTC 2020
727
74.34%
***********

Sun May 17 23:02:41 UTC 2020
729
74.44%
***********

Sun May 17 23:03:41 UTC 2020
730
74.64%
***********

Sun May 17 23:04:41 UTC 2020
731
74.64%
***********

Sun May 17 23:05:41 UTC 2020
731
74.74%
***********

Sun May 17 23:06:42 UTC 2020
733
74.95%
***********

Sun May 17 23:07:42 UTC 2020
734
74.95%
***********

Sun May 17 23:08:42 UTC 2020
735
75.05%
***********

Sun May 17 23:09:42 UTC 2020
735
75.15%
***********

Sun May 17 23:10:43 UTC 2020
736
75.26%
***********

Sun May 17 23:11:43 UTC 2020
737
75.36%
***********

Sun May 17 23:12:43 UTC 2020
727
74.34%
***********

Sun May 17 23:13:43 UTC 2020
728
74.34%
***********

Sun May 17 23:14:44 UTC 2020
728
74.34%
***********

Sun May 17 23:15:44 UTC 2020
728
74.44%
***********

Sun May 17 23:16:44 UTC 2020
729
74.54%
***********

Sun May 17 23:17:44 UTC 2020
403
41.10%
***********

Sun May 17 23:18:44 UTC 2020
555
56.75%
***********

Sun May 17 23:19:44 UTC 2020
555
56.75%
***********

Sun May 17 23:20:44 UTC 2020
555
56.75%
***********

Sun May 17 23:21:44 UTC 2020
555
56.75%
***********

Sun May 17 23:22:44 UTC 2020
555
56.75%
***********

Sun May 17 23:23:44 UTC 2020
555
56.75%
***********

Sun May 17 23:24:44 UTC 2020
555
56.75%
***********

Sun May 17 23:25:44 UTC 2020
555
56.75%
***********

Sun May 17 23:26:44 UTC 2020
555
56.75%
***********

Sun May 17 23:27:44 UTC 2020
555
56.75%
***********

Sun May 17 23:28:44 UTC 2020
555
56.75%
***********

Sun May 17 23:29:44 UTC 2020
555
56.75%
***********

Sun May 17 23:30:44 UTC 2020
555
56.75%
***********

Sun May 17 23:31:44 UTC 2020
555
56.75%
***********

Sun May 17 23:32:44 UTC 2020
555
56.75%
***********

Sun May 17 23:33:44 UTC 2020
555
56.75%
***********

Sun May 17 23:34:44 UTC 2020
555
56.75%
***********

Sun May 17 23:35:44 UTC 2020
555
56.75%
***********

Sun May 17 23:36:44 UTC 2020
555
56.75%
***********

Sun May 17 23:37:44 UTC 2020
555
56.75%
***********

Sun May 17 23:38:44 UTC 2020
555
56.75%
***********

Sun May 17 23:39:44 UTC 2020
555
56.75%
***********

Sun May 17 23:40:44 UTC 2020
555
56.75%
***********

Sun May 17 23:41:44 UTC 2020
555
56.75%
***********

Sun May 17 23:42:44 UTC 2020
555
56.75%
***********

Sun May 17 23:43:44 UTC 2020
555
56.75%
***********

Sun May 17 23:44:44 UTC 2020
555
56.75%
***********

Sun May 17 23:45:44 UTC 2020
555
56.75%
***********

Sun May 17 23:46:44 UTC 2020
555
56.75%
***********

Sun May 17 23:47:44 UTC 2020
555
56.75%
***********

Sun May 17 23:48:44 UTC 2020
555
56.75%
***********

Sun May 17 23:49:44 UTC 2020
555
56.75%
***********

Sun May 17 23:50:44 UTC 2020
555
56.75%
***********

Sun May 17 23:51:44 UTC 2020
555
56.75%
***********

Sun May 17 23:52:44 UTC 2020
555
56.75%
***********

Sun May 17 23:53:44 UTC 2020
555
56.75%
***********

Sun May 17 23:54:44 UTC 2020
555
56.75%
***********

Sun May 17 23:55:45 UTC 2020
555
56.75%
***********

Sun May 17 23:56:45 UTC 2020
555
56.75%
***********

Sun May 17 23:57:45 UTC 2020
555
56.75%
***********

Sun May 17 23:58:45 UTC 2020
555
56.75%
***********

Sun May 17 23:59:45 UTC 2020
555
56.75%
***********

Mon May 18 00:00:45 UTC 2020
558
57.06%
***********

Mon May 18 00:01:45 UTC 2020
558
57.06%
***********

Mon May 18 00:02:45 UTC 2020
558
57.06%
***********

Mon May 18 00:03:45 UTC 2020
558
57.06%
***********

Mon May 18 00:04:45 UTC 2020
558
57.06%
***********

Mon May 18 00:05:45 UTC 2020
556
56.85%
***********

Mon May 18 00:06:45 UTC 2020
556
56.85%
***********

Mon May 18 00:07:45 UTC 2020
556
56.85%
***********

Mon May 18 00:08:45 UTC 2020
556
56.85%
***********

Mon May 18 00:09:45 UTC 2020
555
56.75%
***********

Mon May 18 00:10:45 UTC 2020
555
56.75%
***********

Mon May 18 00:11:45 UTC 2020
555
56.75%
***********

Mon May 18 00:12:45 UTC 2020
555
56.75%
***********

Mon May 18 00:13:45 UTC 2020
555
56.75%
***********

Mon May 18 00:14:45 UTC 2020
555
56.75%
***********

Mon May 18 00:15:45 UTC 2020
555
56.75%
***********

Mon May 18 00:16:45 UTC 2020
555
56.75%
***********

Mon May 18 00:17:45 UTC 2020
555
56.75%
***********

Mon May 18 00:18:45 UTC 2020
555
56.75%
***********

Mon May 18 00:19:45 UTC 2020
555
56.75%
***********

Mon May 18 00:20:45 UTC 2020
555
56.75%
***********

Mon May 18 00:21:45 UTC 2020
555
56.75%
***********

Mon May 18 00:22:45 UTC 2020
555
56.75%
***********

Mon May 18 00:23:45 UTC 2020
555
56.75%
***********

Mon May 18 00:24:45 UTC 2020
555
56.75%
***********

Mon May 18 00:25:45 UTC 2020
555
56.75%
***********

Mon May 18 00:26:45 UTC 2020
555
56.75%
***********

Mon May 18 00:27:45 UTC 2020
555
56.75%
***********

Mon May 18 00:28:45 UTC 2020
555
56.75%
***********

Mon May 18 00:29:45 UTC 2020
555
56.75%
***********

Mon May 18 00:30:45 UTC 2020
555
56.75%
***********

Mon May 18 00:31:45 UTC 2020
555
56.75%
***********

Mon May 18 00:32:45 UTC 2020
555
56.75%
***********

Mon May 18 00:33:45 UTC 2020
555
56.75%
***********

Mon May 18 00:34:45 UTC 2020
555
56.75%
***********

Mon May 18 00:35:45 UTC 2020
555
56.75%
***********

Mon May 18 00:36:45 UTC 2020
555
56.75%
***********

Mon May 18 00:37:45 UTC 2020
555
56.75%
***********

Mon May 18 00:38:45 UTC 2020
555
56.75%
***********

Mon May 18 00:39:45 UTC 2020
555
56.75%
***********

Mon May 18 00:40:45 UTC 2020
555
56.75%
***********

Mon May 18 00:41:45 UTC 2020
556
56.85%
***********

Mon May 18 00:42:45 UTC 2020
556
56.85%
***********

Mon May 18 00:43:45 UTC 2020
556
56.85%
***********

Mon May 18 00:44:45 UTC 2020
556
56.85%
***********

Mon May 18 00:45:45 UTC 2020
556
56.85%
***********

Mon May 18 00:46:45 UTC 2020
556
56.85%
***********

Mon May 18 00:47:45 UTC 2020
556
56.85%
***********

Mon May 18 00:48:45 UTC 2020
556
56.85%
***********

Mon May 18 00:49:45 UTC 2020
556
56.85%
***********

Mon May 18 00:50:45 UTC 2020
555
56.75%
***********

Mon May 18 00:51:45 UTC 2020
555
56.75%
***********

Mon May 18 00:52:45 UTC 2020
555
56.75%
***********

Mon May 18 00:53:45 UTC 2020
555
56.75%
***********

Mon May 18 00:54:45 UTC 2020
555
56.75%
***********

Mon May 18 00:55:45 UTC 2020
555
56.75%
***********

Mon May 18 00:56:45 UTC 2020
555
56.75%
***********

Mon May 18 00:57:45 UTC 2020
555
56.75%
***********

Mon May 18 00:58:45 UTC 2020
555
56.75%
***********

Mon May 18 00:59:45 UTC 2020
555
56.75%
***********

Mon May 18 01:00:45 UTC 2020
555
56.75%
***********

Mon May 18 01:01:45 UTC 2020
555
56.75%
***********

Mon May 18 01:02:45 UTC 2020
555
56.75%
***********

Mon May 18 01:03:45 UTC 2020
555
56.75%
***********

Mon May 18 01:04:45 UTC 2020
555
56.75%
***********

Mon May 18 01:05:45 UTC 2020
555
56.75%
***********

Mon May 18 01:06:45 UTC 2020
555
56.75%
***********

Mon May 18 01:07:45 UTC 2020
555
56.75%
***********

Mon May 18 01:08:45 UTC 2020
555
56.75%
***********

Mon May 18 01:09:45 UTC 2020
555
56.75%
***********

Mon May 18 01:10:45 UTC 2020
555
56.75%
***********

Mon May 18 01:11:45 UTC 2020
555
56.75%
***********

Mon May 18 01:12:45 UTC 2020
555
56.75%
***********

Mon May 18 01:13:45 UTC 2020
555
56.75%
***********

Mon May 18 01:14:45 UTC 2020
555
56.75%
***********

Mon May 18 01:15:45 UTC 2020
555
56.75%
***********

Mon May 18 01:16:45 UTC 2020
555
56.75%
***********

Mon May 18 01:17:45 UTC 2020
555
56.75%
***********

Mon May 18 01:18:45 UTC 2020
555
56.75%
***********

Mon May 18 01:19:45 UTC 2020
555
56.75%
***********

Mon May 18 01:20:45 UTC 2020
555
56.75%
***********

Mon May 18 01:21:45 UTC 2020
555
56.75%
***********

Mon May 18 01:22:45 UTC 2020
555
56.75%
***********

Mon May 18 01:23:45 UTC 2020
555
56.75%
***********

Mon May 18 01:24:45 UTC 2020
555
56.75%
***********

Mon May 18 01:25:45 UTC 2020
555
56.75%
***********

Mon May 18 01:26:45 UTC 2020
555
56.75%
***********

Mon May 18 01:27:45 UTC 2020
555
56.75%
***********

Mon May 18 01:28:45 UTC 2020
555
56.75%
***********

Mon May 18 01:29:45 UTC 2020
555
56.75%
***********

Mon May 18 01:30:45 UTC 2020
555
56.75%
***********

Mon May 18 01:31:45 UTC 2020
555
56.75%
***********

Mon May 18 01:32:45 UTC 2020
555
56.75%
***********

Mon May 18 01:33:45 UTC 2020
555
56.75%
***********

Mon May 18 01:34:45 UTC 2020
555
56.75%
***********

Mon May 18 01:35:45 UTC 2020
555
56.75%
***********

Mon May 18 01:36:45 UTC 2020
555
56.75%
***********

Mon May 18 01:37:45 UTC 2020
555
56.75%
***********

Mon May 18 01:38:45 UTC 2020
555
56.75%
***********

Mon May 18 01:39:45 UTC 2020
555
56.75%
***********

Mon May 18 01:40:45 UTC 2020
555
56.75%
***********

Mon May 18 01:41:45 UTC 2020
555
56.75%
***********

Mon May 18 01:42:45 UTC 2020
556
56.85%
***********

Mon May 18 01:43:45 UTC 2020
556
56.85%
***********

Mon May 18 01:44:45 UTC 2020
555
56.85%
***********

Mon May 18 01:45:45 UTC 2020
555
56.75%
***********

Mon May 18 01:46:45 UTC 2020
555
56.75%
***********

Mon May 18 01:47:45 UTC 2020
555
56.75%
***********

Mon May 18 01:48:45 UTC 2020
555
56.75%
***********

Mon May 18 01:49:45 UTC 2020
555
56.75%
***********

Mon May 18 01:50:45 UTC 2020
555
56.75%
***********

Mon May 18 01:51:45 UTC 2020
555
56.75%
***********

Mon May 18 01:52:45 UTC 2020
555
56.75%
***********

Mon May 18 01:53:45 UTC 2020
555
56.75%
***********

Mon May 18 01:54:45 UTC 2020
555
56.75%
***********

Mon May 18 01:55:45 UTC 2020
555
56.75%
***********

Mon May 18 01:56:45 UTC 2020
555
56.75%
***********

Mon May 18 01:57:45 UTC 2020
555
56.75%
***********

Mon May 18 01:58:45 UTC 2020
555
56.75%
***********

Mon May 18 01:59:45 UTC 2020
555
56.75%
***********

Mon May 18 02:00:45 UTC 2020
555
56.75%
***********

Mon May 18 02:01:45 UTC 2020
555
56.75%
***********

Mon May 18 02:02:46 UTC 2020
555
56.75%
***********

Mon May 18 02:03:46 UTC 2020
555
56.75%
***********

Mon May 18 02:04:46 UTC 2020
555
56.75%
***********

Mon May 18 02:05:46 UTC 2020
555
56.75%
***********

Mon May 18 02:06:46 UTC 2020
555
56.75%
***********

Mon May 18 02:07:46 UTC 2020
555
56.75%
***********

Mon May 18 02:08:46 UTC 2020
555
56.75%
***********

Mon May 18 02:09:46 UTC 2020
555
56.75%
***********

Mon May 18 02:10:46 UTC 2020
555
56.75%
***********

Mon May 18 02:11:46 UTC 2020
555
56.75%
***********

Mon May 18 02:12:46 UTC 2020
555
56.75%
***********

Mon May 18 02:13:46 UTC 2020
555
56.75%
***********

Mon May 18 02:14:46 UTC 2020
555
56.75%
***********

Mon May 18 02:15:46 UTC 2020
555
56.75%
***********

Mon May 18 02:16:46 UTC 2020
555
56.75%
***********

Mon May 18 02:17:46 UTC 2020
555
56.75%
***********

Mon May 18 02:18:46 UTC 2020
555
56.75%
***********

Mon May 18 02:19:46 UTC 2020
555
56.75%
***********

Mon May 18 02:20:46 UTC 2020
555
56.75%
***********

Mon May 18 02:21:46 UTC 2020
555
56.75%
***********

Mon May 18 02:22:46 UTC 2020
555
56.75%
***********

Mon May 18 02:23:46 UTC 2020
555
56.75%
***********

Mon May 18 02:24:46 UTC 2020
555
56.75%
***********

Mon May 18 02:25:46 UTC 2020
555
56.75%
***********

Mon May 18 02:26:46 UTC 2020
555
56.75%
***********

Mon May 18 02:27:46 UTC 2020
555
56.75%
***********

Mon May 18 02:28:46 UTC 2020
555
56.75%
***********

Mon May 18 02:29:46 UTC 2020
555
56.75%
***********

Mon May 18 02:30:46 UTC 2020
555
56.75%
***********

Mon May 18 02:31:46 UTC 2020
555
56.75%
***********

Mon May 18 02:32:46 UTC 2020
555
56.75%
***********

Mon May 18 02:33:46 UTC 2020
555
56.75%
***********

Mon May 18 02:34:46 UTC 2020
556
56.85%
***********

Mon May 18 02:35:46 UTC 2020
555
56.85%
***********

Mon May 18 02:36:46 UTC 2020
555
56.75%
***********

Mon May 18 02:37:46 UTC 2020
555
56.75%
***********

Mon May 18 02:38:46 UTC 2020
555
56.75%
***********

Mon May 18 02:39:46 UTC 2020
555
56.75%
***********

Mon May 18 02:40:46 UTC 2020
555
56.75%
***********

Mon May 18 02:41:46 UTC 2020
555
56.75%
***********

Mon May 18 02:42:46 UTC 2020
555
56.75%
***********

Mon May 18 02:43:46 UTC 2020
555
56.75%
***********

Mon May 18 02:44:46 UTC 2020
555
56.75%
***********

Mon May 18 02:45:46 UTC 2020
555
56.75%
***********

Mon May 18 02:46:46 UTC 2020
555
56.75%
***********

Mon May 18 02:47:46 UTC 2020
555
56.75%
***********

Mon May 18 02:48:46 UTC 2020
555
56.75%
***********

Mon May 18 02:49:46 UTC 2020
555
56.75%
***********

Mon May 18 02:50:46 UTC 2020
555
56.75%
***********

Mon May 18 02:51:46 UTC 2020
555
56.85%
***********

Mon May 18 02:52:46 UTC 2020
555
56.75%
***********

Mon May 18 02:53:46 UTC 2020
555
56.75%
***********

Mon May 18 02:54:46 UTC 2020
555
56.75%
***********

Mon May 18 02:55:46 UTC 2020
555
56.75%
***********

Mon May 18 02:56:46 UTC 2020
555
56.75%
***********

Mon May 18 02:57:46 UTC 2020
555
56.75%
***********

Mon May 18 02:58:46 UTC 2020
555
56.75%
***********

Mon May 18 02:59:46 UTC 2020
555
56.75%
***********

Mon May 18 03:00:46 UTC 2020
555
56.75%
***********

Mon May 18 03:01:46 UTC 2020
555
56.75%
***********

Mon May 18 03:02:46 UTC 2020
555
56.75%
***********

Mon May 18 03:03:46 UTC 2020
555
56.75%
***********

Mon May 18 03:04:46 UTC 2020
555
56.75%
***********

Mon May 18 03:05:46 UTC 2020
555
56.75%
***********

Mon May 18 03:06:46 UTC 2020
555
56.75%
***********

Mon May 18 03:07:46 UTC 2020
555
56.75%
***********

Mon May 18 03:08:46 UTC 2020
555
56.75%
***********

Mon May 18 03:09:46 UTC 2020
555
56.75%
***********

Mon May 18 03:10:46 UTC 2020
555
56.75%
***********

Mon May 18 03:11:46 UTC 2020
555
56.75%
***********

Mon May 18 03:12:46 UTC 2020
555
56.75%
***********

Mon May 18 03:13:46 UTC 2020
555
56.75%
***********

Mon May 18 03:14:46 UTC 2020
555
56.75%
***********

Mon May 18 03:15:46 UTC 2020
555
56.75%
***********

Mon May 18 03:16:46 UTC 2020
555
56.75%
***********

Mon May 18 03:17:46 UTC 2020
555
56.75%
***********

Mon May 18 03:18:46 UTC 2020
555
56.75%
***********

Mon May 18 03:19:46 UTC 2020
697
71.17%
***********

Mon May 18 03:20:46 UTC 2020
687
70.25%
***********

Mon May 18 03:21:46 UTC 2020
687
70.25%
***********

Mon May 18 03:22:46 UTC 2020
687
70.25%
***********

Mon May 18 03:23:46 UTC 2020
687
70.25%
***********

Mon May 18 03:24:46 UTC 2020
687
70.25%
***********

Mon May 18 03:25:46 UTC 2020
687
70.25%
***********

Mon May 18 03:26:46 UTC 2020
687
70.25%
***********

Mon May 18 03:27:46 UTC 2020
692
70.76%
***********

Mon May 18 03:28:47 UTC 2020
710
72.49%
***********

Mon May 18 03:29:47 UTC 2020
701
71.68%
***********

Mon May 18 03:30:47 UTC 2020
703
71.88%
***********

Mon May 18 03:31:47 UTC 2020
703
71.88%
***********

Mon May 18 03:32:47 UTC 2020
711
72.70%
***********

Mon May 18 03:33:47 UTC 2020
715
73.11%
***********

Mon May 18 03:34:47 UTC 2020
715
73.11%
***********

Mon May 18 03:35:47 UTC 2020
713
72.90%
***********

Mon May 18 03:36:47 UTC 2020
714
73.01%
***********

